[debug] [2021-10-21T21:11:58.188Z] ----------------------------------------------------------------------
[debug] [2021-10-21T21:11:58.190Z] Command:       C:\Program Files\nodejs\node.exe C:\Users\MOHAMED\AppData\Roaming\npm\node_modules\firebase-tools\lib\bin\firebase.js init
[debug] [2021-10-21T21:11:58.191Z] CLI Version:   9.20.0
[debug] [2021-10-21T21:11:58.191Z] Platform:      win32
[debug] [2021-10-21T21:11:58.191Z] Node Version:  v15.8.0
[debug] [2021-10-21T21:11:58.205Z] Time:          Thu Oct 21 2021 20:11:58 GMT-0100 (UTC−01:00)
[debug] [2021-10-21T21:11:58.206Z] ----------------------------------------------------------------------
[debug] 
[debug] [2021-10-21T21:11:58.282Z] > command requires scopes: ["email","openid","https://www.googleapis.com/auth/cloudplatformprojects.readonly","https://www.googleapis.com/auth/firebase","https://www.googleapis.com/auth/cloud-platform"]
[debug] [2021-10-21T21:11:58.282Z] > authorizing via signed-in user (azizi.med01@gmail.com)
[info] 
     ######## #### ########  ######## ########     ###     ######  ########
     ##        ##  ##     ## ##       ##     ##  ##   ##  ##       ##
     ######    ##  ########  ######   ########  #########  ######  ######
     ##        ##  ##    ##  ##       ##     ## ##     ##       ## ##
     ##       #### ##     ## ######## ########  ##     ##  ######  ########

You're about to initialize a Firebase project in this directory:

  C:\Users\MOHAMED\Desktop\cp-disney-plus-clone

Before we get started, keep in mind:

  * You are initializing within an existing Firebase project directory

[info] 
=== Project Setup
[info] 
[info] First, let's associate this project directory with a Firebase project.
[info] You can create multiple project aliases by running firebase use --add, 
[info] but for now we'll just set up a default project.
[info] 
[info] i  .firebaserc already has a default project, using disneyplus-clone-a33d5. 
[debug] [2021-10-21T21:12:12.693Z] >>> [apiv2][query] GET https://firebase.googleapis.com/v1beta1/projects/disneyplus-clone-a33d5 [none]
[debug] [2021-10-21T21:12:13.387Z] <<< [apiv2][status] GET https://firebase.googleapis.com/v1beta1/projects/disneyplus-clone-a33d5 403
[debug] [2021-10-21T21:12:13.387Z] <<< [apiv2][body] GET https://firebase.googleapis.com/v1beta1/projects/disneyplus-clone-a33d5 {"error":{"code":403,"message":"The caller does not have permission","status":"PERMISSION_DENIED"}}
[debug] [2021-10-21T21:12:13.388Z] HTTP Error: 403, The caller does not have permission
[debug] [2021-10-21T21:12:13.658Z] FirebaseError: HTTP Error: 403, The caller does not have permission
    at module.exports (C:\Users\MOHAMED\AppData\Roaming\npm\node_modules\firebase-tools\lib\responseToError.js:38:12)
    at Client.doRequest (C:\Users\MOHAMED\AppData\Roaming\npm\node_modules\firebase-tools\lib\apiv2.js:238:23)
    at processTicksAndRejections (node:internal/process/task_queues:94:5)
    at async Client.request (C:\Users\MOHAMED\AppData\Roaming\npm\node_modules\firebase-tools\lib\apiv2.js:96:20)
    at async Object.getFirebaseProject (C:\Users\MOHAMED\AppData\Roaming\npm\node_modules\firebase-tools\lib\management\projects.js:290:21)
    at async Object.doSetup [as project] (C:\Users\MOHAMED\AppData\Roaming\npm\node_modules\firebase-tools\lib\init\features\project.js:77:27)
    at async init (C:\Users\MOHAMED\AppData\Roaming\npm\node_modules\firebase-tools\lib\init\index.js:19:9)
[error] 
[error] Error: Failed to get Firebase project disneyplus-clone-a33d5. Please make sure the project exists and your account has permission to access it.
[debug] [2021-10-21T21:12:45.746Z] ----------------------------------------------------------------------
[debug] [2021-10-21T21:12:45.748Z] Command:       C:\Program Files\nodejs\node.exe C:\Users\MOHAMED\AppData\Roaming\npm\node_modules\firebase-tools\lib\bin\firebase.js init
[debug] [2021-10-21T21:12:45.749Z] CLI Version:   9.20.0
[debug] [2021-10-21T21:12:45.749Z] Platform:      win32
[debug] [2021-10-21T21:12:45.749Z] Node Version:  v15.8.0
[debug] [2021-10-21T21:12:45.750Z] Time:          Thu Oct 21 2021 20:12:45 GMT-0100 (UTC−01:00)
[debug] [2021-10-21T21:12:45.750Z] ----------------------------------------------------------------------
[debug] 
[debug] [2021-10-21T21:12:45.820Z] > command requires scopes: ["email","openid","https://www.googleapis.com/auth/cloudplatformprojects.readonly","https://www.googleapis.com/auth/firebase","https://www.googleapis.com/auth/cloud-platform"]
[debug] [2021-10-21T21:12:45.821Z] > authorizing via signed-in user (azizi.med01@gmail.com)
[info] 
     ######## #### ########  ######## ########     ###     ######  ########
     ##        ##  ##     ## ##       ##     ##  ##   ##  ##       ##
     ######    ##  ########  ######   ########  #########  ######  ######
     ##        ##  ##    ##  ##       ##     ## ##     ##       ## ##
     ##       #### ##     ## ######## ########  ##     ##  ######  ########

You're about to initialize a Firebase project in this directory:

  C:\Users\MOHAMED\Desktop\cp-disney-plus-clone

Before we get started, keep in mind:

  * You are initializing within an existing Firebase project directory

[info] 
=== Project Setup
[info] 
[info] First, let's associate this project directory with a Firebase project.
[info] You can create multiple project aliases by running firebase use --add, 
[info] but for now we'll just set up a default project.
[info] 
[info] i  .firebaserc already has a default project, using disneyplus-clone-a33d5. 
[debug] [2021-10-21T21:13:07.532Z] >>> [apiv2][query] GET https://firebase.googleapis.com/v1beta1/projects/disneyplus-clone-a33d5 [none]
[debug] [2021-10-21T21:13:07.963Z] <<< [apiv2][status] GET https://firebase.googleapis.com/v1beta1/projects/disneyplus-clone-a33d5 403
[debug] [2021-10-21T21:13:07.964Z] <<< [apiv2][body] GET https://firebase.googleapis.com/v1beta1/projects/disneyplus-clone-a33d5 {"error":{"code":403,"message":"The caller does not have permission","status":"PERMISSION_DENIED"}}
[debug] [2021-10-21T21:13:07.964Z] HTTP Error: 403, The caller does not have permission
[debug] [2021-10-21T21:13:08.193Z] FirebaseError: HTTP Error: 403, The caller does not have permission
    at module.exports (C:\Users\MOHAMED\AppData\Roaming\npm\node_modules\firebase-tools\lib\responseToError.js:38:12)
    at Client.doRequest (C:\Users\MOHAMED\AppData\Roaming\npm\node_modules\firebase-tools\lib\apiv2.js:238:23)
    at processTicksAndRejections (node:internal/process/task_queues:94:5)
    at async Client.request (C:\Users\MOHAMED\AppData\Roaming\npm\node_modules\firebase-tools\lib\apiv2.js:96:20)
    at async Object.getFirebaseProject (C:\Users\MOHAMED\AppData\Roaming\npm\node_modules\firebase-tools\lib\management\projects.js:290:21)
    at async Object.doSetup [as project] (C:\Users\MOHAMED\AppData\Roaming\npm\node_modules\firebase-tools\lib\init\features\project.js:77:27)
    at async init (C:\Users\MOHAMED\AppData\Roaming\npm\node_modules\firebase-tools\lib\init\index.js:19:9)
[error] 
[error] Error: Failed to get Firebase project disneyplus-clone-a33d5. Please make sure the project exists and your account has permission to access it.
[debug] [2021-10-21T21:15:32.635Z] ----------------------------------------------------------------------
[debug] [2021-10-21T21:15:32.638Z] Command:       C:\Program Files\nodejs\node.exe C:\Users\MOHAMED\AppData\Roaming\npm\node_modules\firebase-tools\lib\bin\firebase.js init
[debug] [2021-10-21T21:15:32.638Z] CLI Version:   9.20.0
[debug] [2021-10-21T21:15:32.638Z] Platform:      win32
[debug] [2021-10-21T21:15:32.638Z] Node Version:  v15.8.0
[debug] [2021-10-21T21:15:32.639Z] Time:          Thu Oct 21 2021 20:15:32 GMT-0100 (UTC−01:00)
[debug] [2021-10-21T21:15:32.640Z] ----------------------------------------------------------------------
[debug] 
[debug] [2021-10-21T21:15:32.705Z] > command requires scopes: ["email","openid","https://www.googleapis.com/auth/cloudplatformprojects.readonly","https://www.googleapis.com/auth/firebase","https://www.googleapis.com/auth/cloud-platform"]
[debug] [2021-10-21T21:15:32.706Z] > authorizing via signed-in user (azizi.med01@gmail.com)
[info] 
     ######## #### ########  ######## ########     ###     ######  ########
     ##        ##  ##     ## ##       ##     ##  ##   ##  ##       ##
     ######    ##  ########  ######   ########  #########  ######  ######
     ##        ##  ##    ##  ##       ##     ## ##     ##       ## ##
     ##       #### ##     ## ######## ########  ##     ##  ######  ########

You're about to initialize a Firebase project in this directory:

  C:\Users\MOHAMED\Desktop\cp-disney-plus-clone

Before we get started, keep in mind:

  * You are initializing within an existing Firebase project directory

[info] 
=== Project Setup
[info] 
[info] First, let's associate this project directory with a Firebase project.
[info] You can create multiple project aliases by running firebase use --add, 
[info] but for now we'll just set up a default project.
[info] 
[info] i  .firebaserc already has a default project, using disneyplus-clone-a33d5. 
[debug] [2021-10-21T21:15:47.357Z] >>> [apiv2][query] GET https://firebase.googleapis.com/v1beta1/projects/disneyplus-clone-a33d5 [none]
[debug] [2021-10-21T21:15:47.783Z] <<< [apiv2][status] GET https://firebase.googleapis.com/v1beta1/projects/disneyplus-clone-a33d5 403
[debug] [2021-10-21T21:15:47.784Z] <<< [apiv2][body] GET https://firebase.googleapis.com/v1beta1/projects/disneyplus-clone-a33d5 {"error":{"code":403,"message":"The caller does not have permission","status":"PERMISSION_DENIED"}}
[debug] [2021-10-21T21:15:47.784Z] HTTP Error: 403, The caller does not have permission
[debug] [2021-10-21T21:15:48.088Z] FirebaseError: HTTP Error: 403, The caller does not have permission
    at module.exports (C:\Users\MOHAMED\AppData\Roaming\npm\node_modules\firebase-tools\lib\responseToError.js:38:12)
    at Client.doRequest (C:\Users\MOHAMED\AppData\Roaming\npm\node_modules\firebase-tools\lib\apiv2.js:238:23)
    at processTicksAndRejections (node:internal/process/task_queues:94:5)
    at async Client.request (C:\Users\MOHAMED\AppData\Roaming\npm\node_modules\firebase-tools\lib\apiv2.js:96:20)
    at async Object.getFirebaseProject (C:\Users\MOHAMED\AppData\Roaming\npm\node_modules\firebase-tools\lib\management\projects.js:290:21)
    at async Object.doSetup [as project] (C:\Users\MOHAMED\AppData\Roaming\npm\node_modules\firebase-tools\lib\init\features\project.js:77:27)
    at async init (C:\Users\MOHAMED\AppData\Roaming\npm\node_modules\firebase-tools\lib\init\index.js:19:9)
[error] 
[error] Error: Failed to get Firebase project disneyplus-clone-a33d5. Please make sure the project exists and your account has permission to access it.
